# JRE version: Java(TM) SE Runtime Environment (8.0_65-b17) (build 1.8.0_65-b17)
# Java VM: Java HotSpot(TM) 64-Bit Server VM (25.65-b01 mixed mode windows-amd64 compressed oops)
Heap:
 par new generation   total 314560K, used 105649K [0x00000000c0000000, 0x00000000d5550000, 0x00000000d5550000)
  eden space 279616K,  28% used [0x00000000c0000000, 0x00000000c4ccf848, 0x00000000d1110000)
  from space 34944K,  77% used [0x00000000d1110000, 0x00000000d2b6cf50, 0x00000000d3330000)
  to   space 34944K,   0% used [0x00000000d3330000, 0x00000000d3330000, 0x00000000d5550000)
 concurrent mark-sweep generation total 699072K, used 252308K [0x00000000d5550000, 0x0000000100000000, 0x0000000100000000)
 Metaspace       used 53509K, capacity 53959K, committed 54656K, reserved 1097728K
  class space    used 6298K, capacity 6426K, committed 6528K, reserved 1048576K
GC Heap History (10 events):
Event: 202.833 GC heap before
{Heap before GC invocations=35 (full 17):
 par new generation   total 314560K, used 301884K [0x00000000c0000000, 0x00000000d5550000, 0x00000000d5550000)
  eden space 279616K, 100% used [0x00000000c0000000, 0x00000000d1110000, 0x00000000d1110000)
  from space 34944K,  63% used [0x00000000d3330000, 0x00000000d48ef2a8, 0x00000000d5550000)
  to   space 34944K,   0% used [0x00000000d1110000, 0x00000000d1110000, 0x00000000d3330000)
 concurrent mark-sweep generation total 699072K, used 262843K [0x00000000d5550000, 0x0000000100000000, 0x0000000100000000)
 Metaspace       used 53449K, capacity 53889K, committed 54400K, reserved 1097728K
  class space    used 6297K, capacity 6425K, committed 6528K, reserved 1048576K
Event: 202.837 GC heap after
Heap after GC invocations=36 (full 17):
 par new generation   total 314560K, used 27831K [0x00000000c0000000, 0x00000000d5550000, 0x00000000d5550000)
  eden space 279616K,   0% used [0x00000000c0000000, 0x00000000c0000000, 0x00000000d1110000)
  from space 34944K,  79% used [0x00000000d1110000, 0x00000000d2c3df10, 0x00000000d3330000)
  to   space 34944K,   0% used [0x00000000d3330000, 0x00000000d3330000, 0x00000000d5550000)
 concurrent mark-sweep generation total 699072K, used 262843K [0x00000000d5550000, 0x0000000100000000, 0x0000000100000000)
 Metaspace       used 53449K, capacity 53889K, committed 54400K, reserved 1097728K
  class space    used 6297K, capacity 6425K, committed 6528K, reserved 1048576K
}
Event: 213.622 GC heap before
{Heap before GC invocations=36 (full 17):
 par new generation   total 314560K, used 307447K [0x00000000c0000000, 0x00000000d5550000, 0x00000000d5550000)
  eden space 279616K, 100% used [0x00000000c0000000, 0x00000000d1110000, 0x00000000d1110000)
  from space 34944K,  79% used [0x00000000d1110000, 0x00000000d2c3df10, 0x00000000d3330000)
  to   space 34944K,   0% used [0x00000000d3330000, 0x00000000d3330000, 0x00000000d5550000)
 concurrent mark-sweep generation total 699072K, used 262843K [0x00000000d5550000, 0x0000000100000000, 0x0000000100000000)
 Metaspace       used 53463K, capacity 53889K, committed 54400K, reserved 1097728K
  class space    used 6297K, capacity 6425K, committed 6528K, reserved 1048576K
Event: 213.627 GC heap after
Heap after GC invocations=37 (full 17):
 par new generation   total 314560K, used 28906K [0x00000000c0000000, 0x00000000d5550000, 0x00000000d5550000)
  eden space 279616K,   0% used [0x00000000c0000000, 0x00000000c0000000, 0x00000000d1110000)
  from space 34944K,  82% used [0x00000000d3330000, 0x00000000d4f6aa80, 0x00000000d5550000)
  to   space 34944K,   0% used [0x00000000d1110000, 0x00000000d1110000, 0x00000000d3330000)
 concurrent mark-sweep generation total 699072K, used 265673K [0x00000000d5550000, 0x0000000100000000, 0x0000000100000000)
 Metaspace       used 53463K, capacity 53889K, committed 54400K, reserved 1097728K
  class space    used 6297K, capacity 6425K, committed 6528K, reserved 1048576K
}
Event: 223.017 GC heap before
{Heap before GC invocations=37 (full 17):
 par new generation   total 314560K, used 308522K [0x00000000c0000000, 0x00000000d5550000, 0x00000000d5550000)
  eden space 279616K, 100% used [0x00000000c0000000, 0x00000000d1110000, 0x00000000d1110000)
  from space 34944K,  82% used [0x00000000d3330000, 0x00000000d4f6aa80, 0x00000000d5550000)
  to   space 34944K,   0% used [0x00000000d1110000, 0x00000000d1110000, 0x00000000d3330000)
 concurrent mark-sweep generation total 699072K, used 244173K [0x00000000d5550000, 0x0000000100000000, 0x0000000100000000)
 Metaspace       used 53483K, capacity 53889K, committed 54400K, reserved 1097728K
  class space    used 6297K, capacity 6425K, committed 6528K, reserved 1048576K
Event: 223.021 GC heap after
Heap after GC invocations=38 (full 17):
 par new generation   total 314560K, used 19051K [0x00000000c0000000, 0x00000000d5550000, 0x00000000d5550000)
  eden space 279616K,   0% used [0x00000000c0000000, 0x00000000c0000000, 0x00000000d1110000)
  from space 34944K,  54% used [0x00000000d1110000, 0x00000000d23aae70, 0x00000000d3330000)
  to   space 34944K,   0% used [0x00000000d3330000, 0x00000000d3330000, 0x00000000d5550000)
 concurrent mark-sweep generation total 699072K, used 247466K [0x00000000d5550000, 0x0000000100000000, 0x0000000100000000)
 Metaspace       used 53483K, capacity 53889K, committed 54400K, reserved 1097728K
  class space    used 6297K, capacity 6425K, committed 6528K, reserved 1048576K
}
Event: 233.825 GC heap before
{Heap before GC invocations=38 (full 17):
 par new generation   total 314560K, used 298667K [0x00000000c0000000, 0x00000000d5550000, 0x00000000d5550000)
  eden space 279616K, 100% used [0x00000000c0000000, 0x00000000d1110000, 0x00000000d1110000)
  from space 34944K,  54% used [0x00000000d1110000, 0x00000000d23aae70, 0x00000000d3330000)
  to   space 34944K,   0% used [0x00000000d3330000, 0x00000000d3330000, 0x00000000d5550000)
 concurrent mark-sweep generation total 699072K, used 247466K [0x00000000d5550000, 0x0000000100000000, 0x0000000100000000)
 Metaspace       used 53496K, capacity 53959K, committed 54656K, reserved 1097728K
  class space    used 6297K, capacity 6426K, committed 6528K, reserved 1048576K
Event: 233.831 GC heap after
Heap after GC invocations=39 (full 17):
 par new generation   total 314560K, used 28662K [0x00000000c0000000, 0x00000000d5550000, 0x00000000d5550000)
  eden space 279616K,   0% used [0x00000000c0000000, 0x00000000c0000000, 0x00000000d1110000)
  from space 34944K,  82% used [0x00000000d3330000, 0x00000000d4f2daa0, 0x00000000d5550000)
  to   space 34944K,   0% used [0x00000000d1110000, 0x00000000d1110000, 0x00000000d3330000)
 concurrent mark-sweep generation total 699072K, used 249655K [0x00000000d5550000, 0x0000000100000000, 0x0000000100000000)
 Metaspace       used 53496K, capacity 53959K, committed 54656K, reserved 1097728K
  class space    used 6297K, capacity 6426K, committed 6528K, reserved 1048576K
}
Event: 244.921 GC heap before
{Heap before GC invocations=39 (full 17):
 par new generation   total 314560K, used 308278K [0x00000000c0000000, 0x00000000d5550000, 0x00000000d5550000)
  eden space 279616K, 100% used [0x00000000c0000000, 0x00000000d1110000, 0x00000000d1110000)
  from space 34944K,  82% used [0x00000000d3330000, 0x00000000d4f2daa0, 0x00000000d5550000)
  to   space 34944K,   0% used [0x00000000d1110000, 0x00000000d1110000, 0x00000000d3330000)
 concurrent mark-sweep generation total 699072K, used 249655K [0x00000000d5550000, 0x0000000100000000, 0x0000000100000000)
 Metaspace       used 53502K, capacity 53959K, committed 54656K, reserved 1097728K
  class space    used 6297K, capacity 6426K, committed 6528K, reserved 1048576K
Event: 244.926 GC heap after
Heap after GC invocations=40 (full 17):
 par new generation   total 314560K, used 26995K [0x00000000c0000000, 0x00000000d5550000, 0x00000000d5550000)
  eden space 279616K,   0% used [0x00000000c0000000, 0x00000000c0000000, 0x00000000d1110000)
  from space 34944K,  77% used [0x00000000d1110000, 0x00000000d2b6cf50, 0x00000000d3330000)
  to   space 34944K,   0% used [0x00000000d3330000, 0x00000000d3330000, 0x00000000d5550000)
 concurrent mark-sweep generation total 699072K, used 252308K [0x00000000d5550000, 0x0000000100000000, 0x0000000100000000)
 Metaspace       used 53502K, capacity 53959K, committed 54656K, reserved 1097728K
  class space    used 6297K, capacity 6426K, committed 6528K, reserved 1048576K
}

