# JRE version: Java(TM) SE Runtime Environment (8.0_65-b17) (build 1.8.0_65-b17)
# Java VM: Java HotSpot(TM) 64-Bit Server VM (25.65-b01 mixed mode windows-amd64 compressed oops)
Heap:
 par new generation   total 314560K, used 97018K [0x00000000c0000000, 0x00000000d5550000, 0x00000000d5550000)
  eden space 279616K,  22% used [0x00000000c0000000, 0x00000000c3c9e8a0, 0x00000000d1110000)
  from space 34944K,  99% used [0x00000000d1110000, 0x00000000d332fff8, 0x00000000d3330000)
  to   space 34944K,   0% used [0x00000000d3330000, 0x00000000d3330000, 0x00000000d5550000)
 concurrent mark-sweep generation total 699072K, used 146721K [0x00000000d5550000, 0x0000000100000000, 0x0000000100000000)
 Metaspace       used 28976K, capacity 29199K, committed 29568K, reserved 1075200K
  class space    used 3590K, capacity 3674K, committed 3712K, reserved 1048576K
GC Heap History (10 events):
Event: 4.787 GC heap before
{Heap before GC invocations=2 (full 2):
 par new generation   total 314560K, used 303063K [0x00000000c0000000, 0x00000000d5550000, 0x00000000d5550000)
  eden space 279616K, 100% used [0x00000000c0000000, 0x00000000d1110000, 0x00000000d1110000)
  from space 34944K,  67% used [0x00000000d3330000, 0x00000000d4a15e30, 0x00000000d5550000)
  to   space 34944K,   0% used [0x00000000d1110000, 0x00000000d1110000, 0x00000000d3330000)
 concurrent mark-sweep generation total 699072K, used 2562K [0x00000000d5550000, 0x0000000100000000, 0x0000000100000000)
 Metaspace       used 24634K, capacity 24893K, committed 25216K, reserved 1071104K
  class space    used 3043K, capacity 3118K, committed 3200K, reserved 1048576K
Event: 4.810 GC heap after
Heap after GC invocations=3 (full 2):
 par new generation   total 314560K, used 14597K [0x00000000c0000000, 0x00000000d5550000, 0x00000000d5550000)
  eden space 279616K,   0% used [0x00000000c0000000, 0x00000000c0000000, 0x00000000d1110000)
  from space 34944K,  41% used [0x00000000d1110000, 0x00000000d1f51778, 0x00000000d3330000)
  to   space 34944K,   0% used [0x00000000d3330000, 0x00000000d3330000, 0x00000000d5550000)
 concurrent mark-sweep generation total 699072K, used 22570K [0x00000000d5550000, 0x0000000100000000, 0x0000000100000000)
 Metaspace       used 24634K, capacity 24893K, committed 25216K, reserved 1071104K
  class space    used 3043K, capacity 3118K, committed 3200K, reserved 1048576K
}
Event: 6.624 GC heap before
{Heap before GC invocations=3 (full 2):
 par new generation   total 314560K, used 294213K [0x00000000c0000000, 0x00000000d5550000, 0x00000000d5550000)
  eden space 279616K, 100% used [0x00000000c0000000, 0x00000000d1110000, 0x00000000d1110000)
  from space 34944K,  41% used [0x00000000d1110000, 0x00000000d1f51778, 0x00000000d3330000)
  to   space 34944K,   0% used [0x00000000d3330000, 0x00000000d3330000, 0x00000000d5550000)
 concurrent mark-sweep generation total 699072K, used 22570K [0x00000000d5550000, 0x0000000100000000, 0x0000000100000000)
 Metaspace       used 25651K, capacity 25859K, committed 26240K, reserved 1073152K
  class space    used 3131K, capacity 3183K, committed 3200K, reserved 1048576K
Event: 6.639 GC heap after
Heap after GC invocations=4 (full 2):
 par new generation   total 314560K, used 31666K [0x00000000c0000000, 0x00000000d5550000, 0x00000000d5550000)
  eden space 279616K,   0% used [0x00000000c0000000, 0x00000000c0000000, 0x00000000d1110000)
  from space 34944K,  90% used [0x00000000d3330000, 0x00000000d521cae8, 0x00000000d5550000)
  to   space 34944K,   0% used [0x00000000d1110000, 0x00000000d1110000, 0x00000000d3330000)
 concurrent mark-sweep generation total 699072K, used 22570K [0x00000000d5550000, 0x0000000100000000, 0x0000000100000000)
 Metaspace       used 25651K, capacity 25859K, committed 26240K, reserved 1073152K
  class space    used 3131K, capacity 3183K, committed 3200K, reserved 1048576K
}
Event: 8.052 GC heap before
{Heap before GC invocations=4 (full 3):
 par new generation   total 314560K, used 311282K [0x00000000c0000000, 0x00000000d5550000, 0x00000000d5550000)
  eden space 279616K, 100% used [0x00000000c0000000, 0x00000000d1110000, 0x00000000d1110000)
  from space 34944K,  90% used [0x00000000d3330000, 0x00000000d521cae8, 0x00000000d5550000)
  to   space 34944K,   0% used [0x00000000d1110000, 0x00000000d1110000, 0x00000000d3330000)
 concurrent mark-sweep generation total 699072K, used 22570K [0x00000000d5550000, 0x0000000100000000, 0x0000000100000000)
 Metaspace       used 25734K, capacity 25923K, committed 26240K, reserved 1073152K
  class space    used 3132K, capacity 3183K, committed 3200K, reserved 1048576K
Event: 8.089 GC heap after
Heap after GC invocations=5 (full 3):
 par new generation   total 314560K, used 34944K [0x00000000c0000000, 0x00000000d5550000, 0x00000000d5550000)
  eden space 279616K,   0% used [0x00000000c0000000, 0x00000000c0000000, 0x00000000d1110000)
  from space 34944K, 100% used [0x00000000d1110000, 0x00000000d3330000, 0x00000000d3330000)
  to   space 34944K,   0% used [0x00000000d3330000, 0x00000000d3330000, 0x00000000d5550000)
 concurrent mark-sweep generation total 699072K, used 56811K [0x00000000d5550000, 0x0000000100000000, 0x0000000100000000)
 Metaspace       used 25734K, capacity 25923K, committed 26240K, reserved 1073152K
  class space    used 3132K, capacity 3183K, committed 3200K, reserved 1048576K
}
Event: 9.324 GC heap before
{Heap before GC invocations=5 (full 3):
 par new generation   total 314560K, used 314560K [0x00000000c0000000, 0x00000000d5550000, 0x00000000d5550000)
  eden space 279616K, 100% used [0x00000000c0000000, 0x00000000d1110000, 0x00000000d1110000)
  from space 34944K, 100% used [0x00000000d1110000, 0x00000000d3330000, 0x00000000d3330000)
  to   space 34944K,   0% used [0x00000000d3330000, 0x00000000d3330000, 0x00000000d5550000)
 concurrent mark-sweep generation total 699072K, used 56696K [0x00000000d5550000, 0x0000000100000000, 0x0000000100000000)
 Metaspace       used 25781K, capacity 25987K, committed 26240K, reserved 1073152K
  class space    used 3132K, capacity 3183K, committed 3200K, reserved 1048576K
Event: 9.369 GC heap after
Heap after GC invocations=6 (full 3):
 par new generation   total 314560K, used 34944K [0x00000000c0000000, 0x00000000d5550000, 0x00000000d5550000)
  eden space 279616K,   0% used [0x00000000c0000000, 0x00000000c0000000, 0x00000000d1110000)
  from space 34944K, 100% used [0x00000000d3330000, 0x00000000d5550000, 0x00000000d5550000)
  to   space 34944K,   0% used [0x00000000d1110000, 0x00000000d1110000, 0x00000000d3330000)
 concurrent mark-sweep generation total 699072K, used 123885K [0x00000000d5550000, 0x0000000100000000, 0x0000000100000000)
 Metaspace       used 25781K, capacity 25987K, committed 26240K, reserved 1073152K
  class space    used 3132K, capacity 3183K, committed 3200K, reserved 1048576K
}
Event: 10.507 GC heap before
{Heap before GC invocations=6 (full 3):
 par new generation   total 314560K, used 314560K [0x00000000c0000000, 0x00000000d5550000, 0x00000000d5550000)
  eden space 279616K, 100% used [0x00000000c0000000, 0x00000000d1110000, 0x00000000d1110000)
  from space 34944K, 100% used [0x00000000d3330000, 0x00000000d5550000, 0x00000000d5550000)
  to   space 34944K,   0% used [0x00000000d1110000, 0x00000000d1110000, 0x00000000d3330000)
 concurrent mark-sweep generation total 699072K, used 123885K [0x00000000d5550000, 0x0000000100000000, 0x0000000100000000)
 Metaspace       used 28079K, capacity 28353K, committed 28800K, reserved 1075200K
  class space    used 3484K, capacity 3606K, committed 3712K, reserved 1048576K
Event: 10.528 GC heap after
Heap after GC invocations=7 (full 3):
 par new generation   total 314560K, used 34943K [0x00000000c0000000, 0x00000000d5550000, 0x00000000d5550000)
  eden space 279616K,   0% used [0x00000000c0000000, 0x00000000c0000000, 0x00000000d1110000)
  from space 34944K,  99% used [0x00000000d1110000, 0x00000000d332fff8, 0x00000000d3330000)
  to   space 34944K,   0% used [0x00000000d3330000, 0x00000000d3330000, 0x00000000d5550000)
 concurrent mark-sweep generation total 699072K, used 146721K [0x00000000d5550000, 0x0000000100000000, 0x0000000100000000)
 Metaspace       used 28079K, capacity 28353K, committed 28800K, reserved 1075200K
  class space    used 3484K, capacity 3606K, committed 3712K, reserved 1048576K
}

