# JRE version: Java(TM) SE Runtime Environment (8.0_65-b17) (build 1.8.0_65-b17)
# Java VM: Java HotSpot(TM) 64-Bit Server VM (25.65-b01 mixed mode windows-amd64 compressed oops)
Heap:
 par new generation   total 314560K, used 96829K [0x00000000c0000000, 0x00000000d5550000, 0x00000000d5550000)
  eden space 279616K,  22% used [0x00000000c0000000, 0x00000000c3c6f7a0, 0x00000000d1110000)
  from space 34944K,  99% used [0x00000000d1110000, 0x00000000d332fff8, 0x00000000d3330000)
  to   space 34944K,   0% used [0x00000000d3330000, 0x00000000d3330000, 0x00000000d5550000)
 concurrent mark-sweep generation total 699072K, used 139962K [0x00000000d5550000, 0x0000000100000000, 0x0000000100000000)
 Metaspace       used 28870K, capacity 29129K, committed 29568K, reserved 1075200K
  class space    used 3573K, capacity 3673K, committed 3712K, reserved 1048576K
GC Heap History (10 events):
Event: 4.676 GC heap before
{Heap before GC invocations=2 (full 2):
 par new generation   total 314560K, used 303035K [0x00000000c0000000, 0x00000000d5550000, 0x00000000d5550000)
  eden space 279616K, 100% used [0x00000000c0000000, 0x00000000d1110000, 0x00000000d1110000)
  from space 34944K,  67% used [0x00000000d3330000, 0x00000000d4a0ec58, 0x00000000d5550000)
  to   space 34944K,   0% used [0x00000000d1110000, 0x00000000d1110000, 0x00000000d3330000)
 concurrent mark-sweep generation total 699072K, used 2563K [0x00000000d5550000, 0x0000000100000000, 0x0000000100000000)
 Metaspace       used 24660K, capacity 24893K, committed 25216K, reserved 1071104K
  class space    used 3050K, capacity 3118K, committed 3200K, reserved 1048576K
Event: 4.702 GC heap after
Heap after GC invocations=3 (full 2):
 par new generation   total 314560K, used 16313K [0x00000000c0000000, 0x00000000d5550000, 0x00000000d5550000)
  eden space 279616K,   0% used [0x00000000c0000000, 0x00000000c0000000, 0x00000000d1110000)
  from space 34944K,  46% used [0x00000000d1110000, 0x00000000d20fe6e0, 0x00000000d3330000)
  to   space 34944K,   0% used [0x00000000d3330000, 0x00000000d3330000, 0x00000000d5550000)
 concurrent mark-sweep generation total 699072K, used 22573K [0x00000000d5550000, 0x0000000100000000, 0x0000000100000000)
 Metaspace       used 24660K, capacity 24893K, committed 25216K, reserved 1071104K
  class space    used 3050K, capacity 3118K, committed 3200K, reserved 1048576K
}
Event: 6.544 GC heap before
{Heap before GC invocations=3 (full 2):
 par new generation   total 314560K, used 295929K [0x00000000c0000000, 0x00000000d5550000, 0x00000000d5550000)
  eden space 279616K, 100% used [0x00000000c0000000, 0x00000000d1110000, 0x00000000d1110000)
  from space 34944K,  46% used [0x00000000d1110000, 0x00000000d20fe6e0, 0x00000000d3330000)
  to   space 34944K,   0% used [0x00000000d3330000, 0x00000000d3330000, 0x00000000d5550000)
 concurrent mark-sweep generation total 699072K, used 22573K [0x00000000d5550000, 0x0000000100000000, 0x0000000100000000)
 Metaspace       used 25610K, capacity 25827K, committed 26112K, reserved 1073152K
  class space    used 3135K, capacity 3215K, committed 3328K, reserved 1048576K
Event: 6.562 GC heap after
Heap after GC invocations=4 (full 2):
 par new generation   total 314560K, used 34304K [0x00000000c0000000, 0x00000000d5550000, 0x00000000d5550000)
  eden space 279616K,   0% used [0x00000000c0000000, 0x00000000c0000000, 0x00000000d1110000)
  from space 34944K,  98% used [0x00000000d3330000, 0x00000000d54b02d0, 0x00000000d5550000)
  to   space 34944K,   0% used [0x00000000d1110000, 0x00000000d1110000, 0x00000000d3330000)
 concurrent mark-sweep generation total 699072K, used 22573K [0x00000000d5550000, 0x0000000100000000, 0x0000000100000000)
 Metaspace       used 25610K, capacity 25827K, committed 26112K, reserved 1073152K
  class space    used 3135K, capacity 3215K, committed 3328K, reserved 1048576K
}
Event: 7.928 GC heap before
{Heap before GC invocations=4 (full 3):
 par new generation   total 314560K, used 313920K [0x00000000c0000000, 0x00000000d5550000, 0x00000000d5550000)
  eden space 279616K, 100% used [0x00000000c0000000, 0x00000000d1110000, 0x00000000d1110000)
  from space 34944K,  98% used [0x00000000d3330000, 0x00000000d54b02d0, 0x00000000d5550000)
  to   space 34944K,   0% used [0x00000000d1110000, 0x00000000d1110000, 0x00000000d3330000)
 concurrent mark-sweep generation total 699072K, used 22573K [0x00000000d5550000, 0x0000000100000000, 0x0000000100000000)
 Metaspace       used 25697K, capacity 25891K, committed 26368K, reserved 1073152K
  class space    used 3136K, capacity 3215K, committed 3328K, reserved 1048576K
Event: 7.967 GC heap after
Heap after GC invocations=5 (full 3):
 par new generation   total 314560K, used 34944K [0x00000000c0000000, 0x00000000d5550000, 0x00000000d5550000)
  eden space 279616K,   0% used [0x00000000c0000000, 0x00000000c0000000, 0x00000000d1110000)
  from space 34944K, 100% used [0x00000000d1110000, 0x00000000d3330000, 0x00000000d3330000)
  to   space 34944K,   0% used [0x00000000d3330000, 0x00000000d3330000, 0x00000000d5550000)
 concurrent mark-sweep generation total 699072K, used 56924K [0x00000000d5550000, 0x0000000100000000, 0x0000000100000000)
 Metaspace       used 25697K, capacity 25891K, committed 26368K, reserved 1073152K
  class space    used 3136K, capacity 3215K, committed 3328K, reserved 1048576K
}
Event: 9.225 GC heap before
{Heap before GC invocations=5 (full 3):
 par new generation   total 314560K, used 314560K [0x00000000c0000000, 0x00000000d5550000, 0x00000000d5550000)
  eden space 279616K, 100% used [0x00000000c0000000, 0x00000000d1110000, 0x00000000d1110000)
  from space 34944K, 100% used [0x00000000d1110000, 0x00000000d3330000, 0x00000000d3330000)
  to   space 34944K,   0% used [0x00000000d3330000, 0x00000000d3330000, 0x00000000d5550000)
 concurrent mark-sweep generation total 699072K, used 56809K [0x00000000d5550000, 0x0000000100000000, 0x0000000100000000)
 Metaspace       used 25746K, capacity 25955K, committed 26368K, reserved 1073152K
  class space    used 3137K, capacity 3215K, committed 3328K, reserved 1048576K
Event: 9.272 GC heap after
Heap after GC invocations=6 (full 3):
 par new generation   total 314560K, used 34944K [0x00000000c0000000, 0x00000000d5550000, 0x00000000d5550000)
  eden space 279616K,   0% used [0x00000000c0000000, 0x00000000c0000000, 0x00000000d1110000)
  from space 34944K, 100% used [0x00000000d3330000, 0x00000000d5550000, 0x00000000d5550000)
  to   space 34944K,   0% used [0x00000000d1110000, 0x00000000d1110000, 0x00000000d3330000)
 concurrent mark-sweep generation total 699072K, used 125499K [0x00000000d5550000, 0x0000000100000000, 0x0000000100000000)
 Metaspace       used 25746K, capacity 25955K, committed 26368K, reserved 1073152K
  class space    used 3137K, capacity 3215K, committed 3328K, reserved 1048576K
}
Event: 10.460 GC heap before
{Heap before GC invocations=6 (full 3):
 par new generation   total 314560K, used 314560K [0x00000000c0000000, 0x00000000d5550000, 0x00000000d5550000)
  eden space 279616K, 100% used [0x00000000c0000000, 0x00000000d1110000, 0x00000000d1110000)
  from space 34944K, 100% used [0x00000000d3330000, 0x00000000d5550000, 0x00000000d5550000)
  to   space 34944K,   0% used [0x00000000d1110000, 0x00000000d1110000, 0x00000000d3330000)
 concurrent mark-sweep generation total 699072K, used 125499K [0x00000000d5550000, 0x0000000100000000, 0x0000000100000000)
 Metaspace       used 27980K, capacity 28251K, committed 28672K, reserved 1075200K
  class space    used 3467K, capacity 3573K, committed 3584K, reserved 1048576K
Event: 10.481 GC heap after
Heap after GC invocations=7 (full 3):
 par new generation   total 314560K, used 34943K [0x00000000c0000000, 0x00000000d5550000, 0x00000000d5550000)
  eden space 279616K,   0% used [0x00000000c0000000, 0x00000000c0000000, 0x00000000d1110000)
  from space 34944K,  99% used [0x00000000d1110000, 0x00000000d332fff8, 0x00000000d3330000)
  to   space 34944K,   0% used [0x00000000d3330000, 0x00000000d3330000, 0x00000000d5550000)
 concurrent mark-sweep generation total 699072K, used 139962K [0x00000000d5550000, 0x0000000100000000, 0x0000000100000000)
 Metaspace       used 27980K, capacity 28251K, committed 28672K, reserved 1075200K
  class space    used 3467K, capacity 3573K, committed 3584K, reserved 1048576K
}

