# JRE version: Java(TM) SE Runtime Environment (8.0_65-b17) (build 1.8.0_65-b17)
# Java VM: Java HotSpot(TM) 64-Bit Server VM (25.65-b01 mixed mode windows-amd64 compressed oops)
Heap:
 par new generation   total 314560K, used 102463K [0x00000000c0000000, 0x00000000d5550000, 0x00000000d5550000)
  eden space 279616K,  24% used [0x00000000c0000000, 0x00000000c41eff78, 0x00000000d1110000)
  from space 34944K, 100% used [0x00000000d1110000, 0x00000000d3330000, 0x00000000d3330000)
  to   space 34944K,   0% used [0x00000000d3330000, 0x00000000d3330000, 0x00000000d5550000)
 concurrent mark-sweep generation total 699072K, used 141128K [0x00000000d5550000, 0x0000000100000000, 0x0000000100000000)
 Metaspace       used 29113K, capacity 29359K, committed 29824K, reserved 1075200K
  class space    used 3623K, capacity 3706K, committed 3712K, reserved 1048576K
GC Heap History (10 events):
Event: 6.989 GC heap before
{Heap before GC invocations=2 (full 2):
 par new generation   total 314560K, used 303366K [0x00000000c0000000, 0x00000000d5550000, 0x00000000d5550000)
  eden space 279616K, 100% used [0x00000000c0000000, 0x00000000d1110000, 0x00000000d1110000)
  from space 34944K,  67% used [0x00000000d3330000, 0x00000000d4a61a30, 0x00000000d5550000)
  to   space 34944K,   0% used [0x00000000d1110000, 0x00000000d1110000, 0x00000000d3330000)
 concurrent mark-sweep generation total 699072K, used 2563K [0x00000000d5550000, 0x0000000100000000, 0x0000000100000000)
 Metaspace       used 24652K, capacity 24893K, committed 25216K, reserved 1071104K
  class space    used 3046K, capacity 3118K, committed 3200K, reserved 1048576K
Event: 7.018 GC heap after
Heap after GC invocations=3 (full 2):
 par new generation   total 314560K, used 16142K [0x00000000c0000000, 0x00000000d5550000, 0x00000000d5550000)
  eden space 279616K,   0% used [0x00000000c0000000, 0x00000000c0000000, 0x00000000d1110000)
  from space 34944K,  46% used [0x00000000d1110000, 0x00000000d20d39c0, 0x00000000d3330000)
  to   space 34944K,   0% used [0x00000000d3330000, 0x00000000d3330000, 0x00000000d5550000)
 concurrent mark-sweep generation total 699072K, used 22721K [0x00000000d5550000, 0x0000000100000000, 0x0000000100000000)
 Metaspace       used 24652K, capacity 24893K, committed 25216K, reserved 1071104K
  class space    used 3046K, capacity 3118K, committed 3200K, reserved 1048576K
}
Event: 9.297 GC heap before
{Heap before GC invocations=3 (full 2):
 par new generation   total 314560K, used 295758K [0x00000000c0000000, 0x00000000d5550000, 0x00000000d5550000)
  eden space 279616K, 100% used [0x00000000c0000000, 0x00000000d1110000, 0x00000000d1110000)
  from space 34944K,  46% used [0x00000000d1110000, 0x00000000d20d39c0, 0x00000000d3330000)
  to   space 34944K,   0% used [0x00000000d3330000, 0x00000000d3330000, 0x00000000d5550000)
 concurrent mark-sweep generation total 699072K, used 22721K [0x00000000d5550000, 0x0000000100000000, 0x0000000100000000)
 Metaspace       used 25636K, capacity 25859K, committed 26240K, reserved 1073152K
  class space    used 3132K, capacity 3183K, committed 3200K, reserved 1048576K
Event: 9.312 GC heap after
Heap after GC invocations=4 (full 2):
 par new generation   total 314560K, used 30754K [0x00000000c0000000, 0x00000000d5550000, 0x00000000d5550000)
  eden space 279616K,   0% used [0x00000000c0000000, 0x00000000c0000000, 0x00000000d1110000)
  from space 34944K,  88% used [0x00000000d3330000, 0x00000000d5138b90, 0x00000000d5550000)
  to   space 34944K,   0% used [0x00000000d1110000, 0x00000000d1110000, 0x00000000d3330000)
 concurrent mark-sweep generation total 699072K, used 22721K [0x00000000d5550000, 0x0000000100000000, 0x0000000100000000)
 Metaspace       used 25636K, capacity 25859K, committed 26240K, reserved 1073152K
  class space    used 3132K, capacity 3183K, committed 3200K, reserved 1048576K
}
Event: 10.978 GC heap before
{Heap before GC invocations=4 (full 3):
 par new generation   total 314560K, used 310370K [0x00000000c0000000, 0x00000000d5550000, 0x00000000d5550000)
  eden space 279616K, 100% used [0x00000000c0000000, 0x00000000d1110000, 0x00000000d1110000)
  from space 34944K,  88% used [0x00000000d3330000, 0x00000000d5138b90, 0x00000000d5550000)
  to   space 34944K,   0% used [0x00000000d1110000, 0x00000000d1110000, 0x00000000d3330000)
 concurrent mark-sweep generation total 699072K, used 22721K [0x00000000d5550000, 0x0000000100000000, 0x0000000100000000)
 Metaspace       used 25722K, capacity 25859K, committed 26240K, reserved 1073152K
  class space    used 3133K, capacity 3183K, committed 3200K, reserved 1048576K
Event: 11.027 GC heap after
Heap after GC invocations=5 (full 3):
 par new generation   total 314560K, used 34944K [0x00000000c0000000, 0x00000000d5550000, 0x00000000d5550000)
  eden space 279616K,   0% used [0x00000000c0000000, 0x00000000c0000000, 0x00000000d1110000)
  from space 34944K, 100% used [0x00000000d1110000, 0x00000000d3330000, 0x00000000d3330000)
  to   space 34944K,   0% used [0x00000000d3330000, 0x00000000d3330000, 0x00000000d5550000)
 concurrent mark-sweep generation total 699072K, used 56874K [0x00000000d5550000, 0x0000000100000000, 0x0000000100000000)
 Metaspace       used 25722K, capacity 25859K, committed 26240K, reserved 1073152K
  class space    used 3133K, capacity 3183K, committed 3200K, reserved 1048576K
}
Event: 12.408 GC heap before
{Heap before GC invocations=5 (full 3):
 par new generation   total 314560K, used 314560K [0x00000000c0000000, 0x00000000d5550000, 0x00000000d5550000)
  eden space 279616K, 100% used [0x00000000c0000000, 0x00000000d1110000, 0x00000000d1110000)
  from space 34944K, 100% used [0x00000000d1110000, 0x00000000d3330000, 0x00000000d3330000)
  to   space 34944K,   0% used [0x00000000d3330000, 0x00000000d3330000, 0x00000000d5550000)
 concurrent mark-sweep generation total 699072K, used 56760K [0x00000000d5550000, 0x0000000100000000, 0x0000000100000000)
 Metaspace       used 25759K, capacity 25987K, committed 26240K, reserved 1073152K
  class space    used 3133K, capacity 3183K, committed 3200K, reserved 1048576K
Event: 12.463 GC heap after
Heap after GC invocations=6 (full 3):
 par new generation   total 314560K, used 34943K [0x00000000c0000000, 0x00000000d5550000, 0x00000000d5550000)
  eden space 279616K,   0% used [0x00000000c0000000, 0x00000000c0000000, 0x00000000d1110000)
  from space 34944K,  99% used [0x00000000d3330000, 0x00000000d554fff8, 0x00000000d5550000)
  to   space 34944K,   0% used [0x00000000d1110000, 0x00000000d1110000, 0x00000000d3330000)
 concurrent mark-sweep generation total 699072K, used 125539K [0x00000000d5550000, 0x0000000100000000, 0x0000000100000000)
 Metaspace       used 25759K, capacity 25987K, committed 26240K, reserved 1073152K
  class space    used 3133K, capacity 3183K, committed 3200K, reserved 1048576K
}
Event: 13.868 GC heap before
{Heap before GC invocations=6 (full 3):
 par new generation   total 314560K, used 314559K [0x00000000c0000000, 0x00000000d5550000, 0x00000000d5550000)
  eden space 279616K, 100% used [0x00000000c0000000, 0x00000000d1110000, 0x00000000d1110000)
  from space 34944K,  99% used [0x00000000d3330000, 0x00000000d554fff8, 0x00000000d5550000)
  to   space 34944K,   0% used [0x00000000d1110000, 0x00000000d1110000, 0x00000000d3330000)
 concurrent mark-sweep generation total 699072K, used 125539K [0x00000000d5550000, 0x0000000100000000, 0x0000000100000000)
 Metaspace       used 28107K, capacity 28417K, committed 28800K, reserved 1075200K
  class space    used 3503K, capacity 3606K, committed 3712K, reserved 1048576K
Event: 13.894 GC heap after
Heap after GC invocations=7 (full 3):
 par new generation   total 314560K, used 34944K [0x00000000c0000000, 0x00000000d5550000, 0x00000000d5550000)
  eden space 279616K,   0% used [0x00000000c0000000, 0x00000000c0000000, 0x00000000d1110000)
  from space 34944K, 100% used [0x00000000d1110000, 0x00000000d3330000, 0x00000000d3330000)
  to   space 34944K,   0% used [0x00000000d3330000, 0x00000000d3330000, 0x00000000d5550000)
 concurrent mark-sweep generation total 699072K, used 141128K [0x00000000d5550000, 0x0000000100000000, 0x0000000100000000)
 Metaspace       used 28107K, capacity 28417K, committed 28800K, reserved 1075200K
  class space    used 3503K, capacity 3606K, committed 3712K, reserved 1048576K
}

